<?xml version="1.0" encoding="UTF-8"?>
<testsuite xmlns:xsi="http://www.w3.org/2001/XMLSchema-instance" xsi:noNamespaceSchemaLocation="https://maven.apache.org/surefire/maven-surefire-plugin/xsd/surefire-test-report-3.0.xsd" version="3.0" name="br.com.medvoll.api.ApiApplicationTests" time="41.312" tests="1" errors="0" skipped="0" failures="0">
  <properties>
[...]
</properties>
  <testcase name="contextLoads" classname="br.com.medvoll.api.ApiApplicationTests" time="2.338">
    <system-out><![CDATA[13:21:09.094 [main] INFO org.springframework.test.context.support.AnnotationConfigContextLoaderUtils -- Could not detect default configuration classes for test class [br.com.medvoll.api.ApiApplicationTests]: ApiApplicationTests does not declare any static, non-private, non-final, nested classes annotated with @Configuration.
13:21:09.561 [main] INFO org.springframework.boot.test.context.SpringBootTestContextBootstrapper -- Found @SpringBootConfiguration br.com.medvoll.api.ApiApplication for test class br.com.medvoll.api.ApiApplicationTests
13:21:10.372 [main] INFO org.springframework.boot.devtools.restart.RestartApplicationListener -- Restart disabled due to context in which it is running

  .   ____          _            __ _ _
 /\\ / ___'_ __ _ _(_)_ __  __ _ \ \ \ \
( ( )\___ | '_ | '_| | '_ \/ _` | \ \ \ \
 \\/  ___)| |_)| | | | | || (_| |  ) ) ) )
  '  |____| .__|_| |_|_| |_\__, | / / / /
 =========|_|==============|___/=/_/_/_/
 :: Spring Boot ::                (v3.2.5)

2024-05-31T13:21:11.626-03:00  INFO 14600 --- [api] [           main] br.com.medvoll.api.ApiApplicationTests   : Starting ApiApplicationTests using Java 17.0.11 with PID 14600 (started by Alexxxxx in C:\temp\api)
2024-05-31T13:21:11.633-03:00  INFO 14600 --- [api] [           main] br.com.medvoll.api.ApiApplicationTests   : No active profile set, falling back to 1 default profile: "default"
2024-05-31T13:21:16.185-03:00  INFO 14600 --- [api] [           main] .s.d.r.c.RepositoryConfigurationDelegate : Bootstrapping Spring Data JPA repositories in DEFAULT mode.
2024-05-31T13:21:16.496-03:00  INFO 14600 --- [api] [           main] .s.d.r.c.RepositoryConfigurationDelegate : Finished Spring Data repository scanning in 267 ms. Found 2 JPA repository interfaces.
2024-05-31T13:21:18.680-03:00  INFO 14600 --- [api] [           main] com.zaxxer.hikari.HikariDataSource       : HikariPool-1 - Starting...
2024-05-31T13:21:22.647-03:00  INFO 14600 --- [api] [           main] com.zaxxer.hikari.pool.HikariPool        : HikariPool-1 - Added connection com.mysql.cj.jdbc.ConnectionImpl@2801827a
2024-05-31T13:21:22.653-03:00  INFO 14600 --- [api] [           main] com.zaxxer.hikari.HikariDataSource       : HikariPool-1 - Start completed.
2024-05-31T13:21:23.328-03:00  INFO 14600 --- [api] [           main] o.f.c.internal.license.VersionPrinter    : Flyway Community Edition 9.22.3 by Redgate
2024-05-31T13:21:23.329-03:00  INFO 14600 --- [api] [           main] o.f.c.internal.license.VersionPrinter    : See release notes here: https://rd.gt/416ObMi
2024-05-31T13:21:23.330-03:00  INFO 14600 --- [api] [           main] o.f.c.internal.license.VersionPrinter    : 
2024-05-31T13:21:24.105-03:00  INFO 14600 --- [api] [           main] org.flywaydb.core.FlywayExecutor         : Database: jdbc:mysql://db4free.net:3306/pipitchuba (MySQL 8.3)
2024-05-31T13:21:25.940-03:00  WARN 14600 --- [api] [           main] o.f.c.internal.database.base.Database    : Flyway upgrade recommended: MySQL 8.3 is newer than this version of Flyway and support has not been tested. The latest supported version of MySQL is 8.0.
2024-05-31T13:21:27.598-03:00  INFO 14600 --- [api] [           main] o.f.core.internal.command.DbValidate     : Successfully validated 6 migrations (execution time 00:01.414s)
2024-05-31T13:21:30.150-03:00  INFO 14600 --- [api] [           main] o.f.core.internal.command.DbMigrate      : Current version of schema `pipitchuba`: 6
2024-05-31T13:21:30.381-03:00  INFO 14600 --- [api] [           main] o.f.core.internal.command.DbMigrate      : Schema `pipitchuba` is up to date. No migration necessary.
2024-05-31T13:21:32.885-03:00  INFO 14600 --- [api] [           main] o.hibernate.jpa.internal.util.LogHelper  : HHH000204: Processing PersistenceUnitInfo [name: default]
2024-05-31T13:21:33.300-03:00  INFO 14600 --- [api] [           main] org.hibernate.Version                    : HHH000412: Hibernate ORM core version 6.4.4.Final
2024-05-31T13:21:33.553-03:00  INFO 14600 --- [api] [           main] o.h.c.internal.RegionFactoryInitiator    : HHH000026: Second-level cache disabled
2024-05-31T13:21:34.913-03:00  INFO 14600 --- [api] [           main] o.s.o.j.p.SpringPersistenceUnitInfo      : No LoadTimeWeaver setup: ignoring JPA class transformer
2024-05-31T13:21:39.479-03:00  INFO 14600 --- [api] [           main] o.h.e.t.j.p.i.JtaPlatformInitiator       : HHH000489: No JTA platform available (set 'hibernate.transaction.jta.platform' to enable JTA platform integration)
2024-05-31T13:21:39.489-03:00  INFO 14600 --- [api] [           main] j.LocalContainerEntityManagerFactoryBean : Initialized JPA EntityManagerFactory for persistence unit 'default'
2024-05-31T13:21:40.728-03:00  INFO 14600 --- [api] [           main] o.s.d.j.r.query.QueryEnhancerFactory     : Hibernate is in classpath; If applicable, HQL parser will be used.
2024-05-31T13:21:44.015-03:00  WARN 14600 --- [api] [           main] JpaBaseConfiguration$JpaWebConfiguration : spring.jpa.open-in-view is enabled by default. Therefore, database queries may be performed during view rendering. Explicitly configure spring.jpa.open-in-view to disable this warning
2024-05-31T13:21:45.579-03:00  INFO 14600 --- [api] [           main] o.s.s.web.DefaultSecurityFilterChain     : Will secure any request with [org.springframework.security.web.session.DisableEncodeUrlFilter@75edfe9a, org.springframework.security.web.context.request.async.WebAsyncManagerIntegrationFilter@468d1fcc, org.springframework.security.web.context.SecurityContextHolderFilter@1e32a3ed, org.springframework.security.web.header.HeaderWriterFilter@7d3cb276, org.springframework.web.filter.CorsFilter@267093ea, org.springframework.security.web.authentication.logout.LogoutFilter@3b87c881, br.com.medvoll.api.security.SecurityFilter@3435b6d8, org.springframework.security.web.savedrequest.RequestCacheAwareFilter@2b778004, org.springframework.security.web.servletapi.SecurityContextHolderAwareRequestFilter@7e5b449c, org.springframework.security.web.authentication.AnonymousAuthenticationFilter@6b3bcab7, org.springframework.security.web.session.SessionManagementFilter@179af25f, org.springframework.security.web.access.ExceptionTranslationFilter@a43a21e, org.springframework.security.web.access.intercept.AuthorizationFilter@1ff584d7]
2024-05-31T13:21:47.427-03:00  INFO 14600 --- [api] [           main] br.com.medvoll.api.ApiApplicationTests   : Started ApiApplicationTests in 37.098 seconds (process running for 41.555)
]]></system-out>
  </testcase>
</testsuite>